[INFO ] 2020-09-14 20:40:30.611 com.goibibo.base.TestBase:51 - Trying to launch the chrome Driver
[INFO ] 2020-09-14 20:40:56.428 com.goibibo.base.TestBase:51 - Trying to launch the chrome Driver
[INFO ] 2020-09-14 20:41:03.758 com.goibibo.base.Browser:31 - Chrome browser is launched
[INFO ] 2020-09-14 20:41:03.765 com.goibibo.base.TestBase:55 - Intializing the JavaScript Executor
[INFO ] 2020-09-14 20:41:05.973 com.goibibo.base.TestBase:57 - Maximizing the browser window
[INFO ] 2020-09-14 20:41:05.982 com.goibibo.base.TestBase:59 - Deleting all browser cookies
[INFO ] 2020-09-14 20:41:06.024 com.goibibo.base.TestBase:63 - Trying to navigate to :https://www.goibibo.com/
[INFO ] 2020-09-14 20:41:21.434 com.goibibo.base.TestBase:65 - Navigated to : https://www.goibibo.com/
[INFO ] 2020-09-14 20:41:22.049 com.goibibo.testcases.SingleTripTest:21 - Validating Flight tab
[INFO ] 2020-09-14 20:41:22.050 com.goibibo.pages.LandingPage:69 - Validating whether we are in flights tab or not
[INFO ] 2020-09-14 20:41:25.006 com.goibibo.testcases.SingleTripTest:24 - Selecting One Way flight tab
[INFO ] 2020-09-14 20:41:25.011 com.goibibo.pages.LandingPage:163 - Trying to find whether we are in Single_Trip tab or NOT
[INFO ] 2020-09-14 20:41:25.059 com.goibibo.testcases.SingleTripTest:27 - Enter all  details and search for flight 
[INFO ] 2020-09-14 20:41:25.060 com.goibibo.pages.LandingPage:136 - Entering FROM airport as - DELHI
[INFO ] 2020-09-14 20:41:27.989 com.goibibo.base.TestBase:92 - Driver is trying to find element :[[ChromeDriver: chrome on WINDOWS (f76ed09b9bd3996de2d5563d8ed6f49c)] -> xpath: //*[@id='react-autosuggest-1']]
[INFO ] 2020-09-14 20:41:28.546 com.goibibo.pages.LandingPage:141 - Entering TO airport as - MUMBAI
[INFO ] 2020-09-14 20:41:28.817 com.goibibo.base.TestBase:92 - Driver is trying to find element :[[ChromeDriver: chrome on WINDOWS (f76ed09b9bd3996de2d5563d8ed6f49c)] -> xpath: //*[@id='react-autosuggest-1']]
[INFO ] 2020-09-14 20:41:30.306 com.goibibo.pages.LandingPage:146 - Selecting calander for picking date
[INFO ] 2020-09-14 20:41:31.348 com.goibibo.pages.LandingPage:149 - Selecting the date as - 
[INFO ] 2020-09-14 20:41:32.127 com.goibibo.pages.LandingPage:151 - Selected date is : 18/November/2020
[INFO ] 2020-09-14 20:41:32.128 com.goibibo.pages.LandingPage:153 - Clicking on SEARCH button
[INFO ] 2020-09-14 20:41:32.475 com.goibibo.testcases.SingleTripTest:30 - Selecting lowerst price flight from list
[INFO ] 2020-09-14 20:41:32.477 com.goibibo.pages.SingleTripFlight:111 - Checking and changing the flights list with prices starting from least
[INFO ] 2020-09-14 20:41:34.948 com.goibibo.base.TestBase:77 - Closing the browser window
[INFO ] 2020-09-14 21:56:12.274 com.goibibo.base.TestBase:51 - Trying to launch the chrome Driver
[INFO ] 2020-09-14 21:56:29.975 com.goibibo.base.Browser:31 - Chrome browser is launched
[INFO ] 2020-09-14 21:56:29.975 com.goibibo.base.TestBase:55 - Intializing the JavaScript Executor
[INFO ] 2020-09-14 21:56:32.142 com.goibibo.base.TestBase:57 - Maximizing the browser window
[INFO ] 2020-09-14 21:56:32.162 com.goibibo.base.TestBase:59 - Deleting all browser cookies
[INFO ] 2020-09-14 21:56:32.193 com.goibibo.base.TestBase:63 - Trying to navigate to :https://www.goibibo.com/
[INFO ] 2020-09-14 21:56:40.623 com.goibibo.base.TestBase:65 - Navigated to : https://www.goibibo.com/
[INFO ] 2020-09-14 21:56:41.412 com.goibibo.testcases.SingleTripTest:21 - Validating Flight tab
[INFO ] 2020-09-14 21:56:41.413 com.goibibo.pages.LandingPage:69 - Validating whether we are in flights tab or not
[INFO ] 2020-09-14 21:56:46.098 com.goibibo.testcases.SingleTripTest:24 - Selecting One Way flight tab
[INFO ] 2020-09-14 21:56:46.099 com.goibibo.pages.LandingPage:163 - Trying to find whether we are in Single_Trip tab or NOT
[INFO ] 2020-09-14 21:56:46.180 com.goibibo.testcases.SingleTripTest:27 - Enter all  details and search for flight 
[INFO ] 2020-09-14 21:56:46.180 com.goibibo.pages.LandingPage:136 - Entering FROM airport as - DELHI
[INFO ] 2020-09-14 21:56:49.612 com.goibibo.base.TestBase:92 - Driver is trying to find element :[[ChromeDriver: chrome on WINDOWS (844d38d8f96af65f269b338e498c2af5)] -> xpath: //*[@id='react-autosuggest-1']]
[INFO ] 2020-09-14 21:56:52.846 com.goibibo.pages.LandingPage:141 - Entering TO airport as - MUMBAI
[INFO ] 2020-09-14 21:56:53.254 com.goibibo.base.TestBase:92 - Driver is trying to find element :[[ChromeDriver: chrome on WINDOWS (844d38d8f96af65f269b338e498c2af5)] -> xpath: //*[@id='react-autosuggest-1']]
[INFO ] 2020-09-14 21:56:53.603 com.goibibo.pages.LandingPage:146 - Selecting calander for picking date
[INFO ] 2020-09-14 21:56:53.917 com.goibibo.pages.LandingPage:149 - Selecting the date as - 
[INFO ] 2020-09-14 21:56:54.341 com.goibibo.pages.LandingPage:151 - Selected date is : 18/November/2020
[INFO ] 2020-09-14 21:56:54.341 com.goibibo.pages.LandingPage:153 - Clicking on SEARCH button
[INFO ] 2020-09-14 21:56:55.066 com.goibibo.testcases.SingleTripTest:30 - Selecting lowerst price flight from list
[INFO ] 2020-09-14 21:56:55.066 com.goibibo.pages.SingleTripFlight:111 - Checking and changing the flights list with prices starting from least
[INFO ] 2020-09-14 21:56:59.016 com.goibibo.pages.SingleTripFlight:60 - Prices are started from least fare value
[INFO ] 2020-09-14 21:56:59.017 com.goibibo.pages.SingleTripFlight:114 - Trying to find the least priced flight
[INFO ] 2020-09-14 21:56:59.539 com.goibibo.pages.SingleTripFlight:80 - Cheapest fare of among all Flight = ?4322
[INFO ] 2020-09-14 21:56:59.540 com.goibibo.pages.SingleTripFlight:117 - Trying to find the flight with shortest duration
[INFO ] 2020-09-14 21:56:59.892 com.goibibo.pages.SingleTripFlight:102 - Shortest duration among all flights = 1hr 45min
[INFO ] 2020-09-14 21:56:59.893 com.goibibo.pages.SingleTripFlight:121 - Index of selected flight = 0
[INFO ] 2020-09-14 21:57:00.361 com.goibibo.testcases.SingleTripTest:33 - Select paypal payment methods after slecting no insurance & entering passenger details
[INFO ] 2020-09-14 21:57:01.766 com.goibibo.pages.FlightReviewPage:54 - Scrolling down to find : I am willing to risk my trip
[INFO ] 2020-09-14 21:57:01.874 com.goibibo.base.TestBase:92 - Driver is trying to find element :[[ChromeDriver: chrome on WINDOWS (844d38d8f96af65f269b338e498c2af5)] -> xpath: //label[contains(text(),'I am willing to risk my trip')]]
[INFO ] 2020-09-14 21:57:02.170 com.goibibo.pages.FlightReviewPage:57 - Selected No Insurance - check box
[INFO ] 2020-09-14 21:57:02.172 com.goibibo.pages.FlightReviewPage:64 - Scrolling down to find Passenger Details - proceed btn
[INFO ] 2020-09-14 21:57:02.650 com.goibibo.pages.FlightReviewPage:68 - Entered Passenger details are : 
[INFO ] 2020-09-14 21:57:02.789 com.goibibo.pages.FlightReviewPage:71 - Entered Title : Mr
[INFO ] 2020-09-14 21:57:03.130 com.goibibo.pages.FlightReviewPage:74 - Entered First Name : Hemanth
[INFO ] 2020-09-14 21:57:03.248 com.goibibo.pages.FlightReviewPage:77 - Entered Middle Name : Kumar
[INFO ] 2020-09-14 21:57:03.369 com.goibibo.pages.FlightReviewPage:80 - Entered Last Name : Sunkari
[INFO ] 2020-09-14 21:57:03.552 com.goibibo.pages.FlightReviewPage:83 - Entered Email : hemanth@orkut.com
[INFO ] 2020-09-14 21:57:03.681 com.goibibo.pages.FlightReviewPage:86 - Entered Mobile Number : 7896542310
[INFO ] 2020-09-14 21:57:03.907 com.goibibo.pages.FlightReviewPage:89 - Clicked on Proceed button
[INFO ] 2020-09-14 21:57:16.345 com.goibibo.base.TestBase:92 - Driver is trying to find element :[[ChromeDriver: chrome on WINDOWS (844d38d8f96af65f269b338e498c2af5)] -> id: tab_paypal]
[INFO ] 2020-09-14 21:57:17.117 com.goibibo.base.TestBase:77 - Closing the browser window
[INFO ] 2020-09-14 21:57:22.807 com.goibibo.base.TestBase:80 - Closing the complete browser session
[INFO ] 2020-09-14 21:58:53.941 com.goibibo.base.TestBase:51 - Trying to launch the chrome Driver
[INFO ] 2020-09-14 21:59:02.009 com.goibibo.base.Browser:31 - Chrome browser is launched
[INFO ] 2020-09-14 21:59:02.014 com.goibibo.base.TestBase:55 - Intializing the JavaScript Executor
[INFO ] 2020-09-14 21:59:04.173 com.goibibo.base.TestBase:57 - Maximizing the browser window
[INFO ] 2020-09-14 21:59:04.183 com.goibibo.base.TestBase:59 - Deleting all browser cookies
[INFO ] 2020-09-14 21:59:04.215 com.goibibo.base.TestBase:63 - Trying to navigate to :https://www.goibibo.com/
[INFO ] 2020-09-14 21:59:10.944 com.goibibo.base.TestBase:65 - Navigated to : https://www.goibibo.com/
[INFO ] 2020-09-14 21:59:11.165 com.goibibo.testcases.SingleTripTest:21 - Validating Flight tab
[INFO ] 2020-09-14 21:59:11.166 com.goibibo.pages.LandingPage:69 - Validating whether we are in flights tab or not
[INFO ] 2020-09-14 21:59:12.575 com.goibibo.testcases.SingleTripTest:24 - Selecting One Way flight tab
[INFO ] 2020-09-14 21:59:12.576 com.goibibo.pages.LandingPage:163 - Trying to find whether we are in Single_Trip tab or NOT
[INFO ] 2020-09-14 21:59:12.617 com.goibibo.testcases.SingleTripTest:27 - Enter all  details and search for flight 
[INFO ] 2020-09-14 21:59:12.618 com.goibibo.pages.LandingPage:136 - Entering FROM airport as - DELHI
[INFO ] 2020-09-14 21:59:14.360 com.goibibo.base.TestBase:92 - Driver is trying to find element :[[ChromeDriver: chrome on WINDOWS (e08b1640aae969532a2625e7556b9a22)] -> xpath: //*[@id='react-autosuggest-1']]
[INFO ] 2020-09-14 21:59:14.772 com.goibibo.pages.LandingPage:141 - Entering TO airport as - MUMBAI
[INFO ] 2020-09-14 21:59:15.178 com.goibibo.base.TestBase:92 - Driver is trying to find element :[[ChromeDriver: chrome on WINDOWS (e08b1640aae969532a2625e7556b9a22)] -> xpath: //*[@id='react-autosuggest-1']]
[INFO ] 2020-09-14 21:59:15.730 com.goibibo.pages.LandingPage:146 - Selecting calander for picking date
[INFO ] 2020-09-14 21:59:15.957 com.goibibo.pages.LandingPage:149 - Selecting the date as - 
[INFO ] 2020-09-14 21:59:16.592 com.goibibo.pages.LandingPage:151 - Selected date is : 18/November/2020
[INFO ] 2020-09-14 21:59:16.593 com.goibibo.pages.LandingPage:153 - Clicking on SEARCH button
[INFO ] 2020-09-14 21:59:16.905 com.goibibo.testcases.SingleTripTest:30 - Selecting lowerst price flight from list
[INFO ] 2020-09-14 21:59:16.906 com.goibibo.pages.SingleTripFlight:111 - Checking and changing the flights list with prices starting from least
[INFO ] 2020-09-14 21:59:21.620 com.goibibo.pages.SingleTripFlight:60 - Prices are started from least fare value
[INFO ] 2020-09-14 21:59:21.621 com.goibibo.pages.SingleTripFlight:114 - Trying to find the least priced flight
[INFO ] 2020-09-14 21:59:22.157 com.goibibo.pages.SingleTripFlight:80 - Cheapest fare of among all Flight = ?4322
[INFO ] 2020-09-14 21:59:22.158 com.goibibo.pages.SingleTripFlight:117 - Trying to find the flight with shortest duration
[INFO ] 2020-09-14 21:59:22.522 com.goibibo.pages.SingleTripFlight:102 - Shortest duration among all flights = 1hr 45min
[INFO ] 2020-09-14 21:59:22.523 com.goibibo.pages.SingleTripFlight:121 - Index of selected flight = 0
[INFO ] 2020-09-14 21:59:23.065 com.goibibo.testcases.SingleTripTest:33 - Select paypal payment methods after slecting no insurance & entering passenger details
[INFO ] 2020-09-14 21:59:24.267 com.goibibo.pages.FlightReviewPage:54 - Scrolling down to find : I am willing to risk my trip
[INFO ] 2020-09-14 21:59:24.408 com.goibibo.base.TestBase:92 - Driver is trying to find element :[[ChromeDriver: chrome on WINDOWS (e08b1640aae969532a2625e7556b9a22)] -> xpath: //label[contains(text(),'I am willing to risk my trip')]]
[INFO ] 2020-09-14 21:59:24.591 com.goibibo.pages.FlightReviewPage:57 - Selected No Insurance - check box
[INFO ] 2020-09-14 21:59:24.591 com.goibibo.pages.FlightReviewPage:64 - Scrolling down to find Passenger Details - proceed btn
[INFO ] 2020-09-14 21:59:24.818 com.goibibo.pages.FlightReviewPage:68 - Entered Passenger details are : 
[INFO ] 2020-09-14 21:59:24.941 com.goibibo.pages.FlightReviewPage:71 - Entered Title : Mr
[INFO ] 2020-09-14 21:59:25.111 com.goibibo.pages.FlightReviewPage:74 - Entered First Name : Hemanth
[INFO ] 2020-09-14 21:59:25.281 com.goibibo.pages.FlightReviewPage:77 - Entered Middle Name : Kumar
[INFO ] 2020-09-14 21:59:25.396 com.goibibo.pages.FlightReviewPage:80 - Entered Last Name : Sunkari
[INFO ] 2020-09-14 21:59:25.555 com.goibibo.pages.FlightReviewPage:83 - Entered Email : hemanth@orkut.com
[INFO ] 2020-09-14 21:59:25.705 com.goibibo.pages.FlightReviewPage:86 - Entered Mobile Number : 7896542310
[INFO ] 2020-09-14 21:59:25.969 com.goibibo.pages.FlightReviewPage:89 - Clicked on Proceed button
[INFO ] 2020-09-14 21:59:41.866 com.goibibo.base.TestBase:92 - Driver is trying to find element :[[ChromeDriver: chrome on WINDOWS (e08b1640aae969532a2625e7556b9a22)] -> id: tab_paypal]
[INFO ] 2020-09-14 21:59:42.844 com.goibibo.base.TestBase:77 - Closing the browser window
[INFO ] 2020-09-14 21:59:44.004 com.goibibo.base.TestBase:80 - Closing the complete browser session
[INFO ] 2020-09-14 22:00:52.802 com.goibibo.base.TestBase:51 - Trying to launch the chrome Driver
